{"/home/arantespp/Sandbox/lerna/packages/apple/index.js": {"path":"/home/arantespp/Sandbox/lerna/packages/apple/index.js","statementMap":{"0":{"start":{"line":1,"column":18},"end":{"line":1,"column":38}},"1":{"start":{"line":3,"column":0},"end":{"line":3,"column":44}}},"fnMap":{},"branchMap":{},"s":{"0":1,"1":1},"f":{},"b":{},"_coverageSchema":"332fd63041d2c1bcb487cc26dd0d5f7d97098a6c","hash":"2f2b602ebdaca26364e7ca621c6b57e6344b35fc"}
,"/home/arantespp/Sandbox/lerna/packages/banana/index.js": {"path":"/home/arantespp/Sandbox/lerna/packages/banana/index.js","statementMap":{"0":{"start":{"line":1,"column":18},"end":{"line":1,"column":38}},"1":{"start":{"line":2,"column":0},"end":{"line":2,"column":45}}},"fnMap":{},"branchMap":{},"s":{"0":1,"1":1},"f":{},"b":{},"_coverageSchema":"332fd63041d2c1bcb487cc26dd0d5f7d97098a6c","hash":"fb16119423f49050f4522a943ddaf3c49d0bb2e0"}
,"/home/arantespp/Sandbox/lerna/packages/grocery/index.js": {"path":"/home/arantespp/Sandbox/lerna/packages/grocery/index.js","statementMap":{"0":{"start":{"line":1,"column":18},"end":{"line":1,"column":0}},"1":{"start":{"line":2,"column":14},"end":{"line":2,"column":0}},"2":{"start":{"line":3,"column":15},"end":{"line":3,"column":0}},"3":{"start":{"line":4,"column":0},"end":{"line":null,"column":-1}},"4":{"start":{"line":5,"column":0},"end":{"line":null,"column":-1}},"5":{"start":{"line":6,"column":0},"end":{"line":null,"column":-1}}},"fnMap":{},"branchMap":{},"s":{"0":0,"1":0,"2":0,"3":0,"4":0,"5":0},"f":{},"b":{}}
}
